[+] Running 12/12
 ⠿ Network target_default  Created                                                                                                                                           0.0s
 ⠿ Container rs20          Started                                                                                                                                           2.8s
 ⠿ Container rs00          Started                                                                                                                                           2.6s
 ⠿ Container rs01          Started                                                                                                                                           2.5s
 ⠿ Container cfg0          Started                                                                                                                                           1.8s
 ⠿ Container rs21          Started                                                                                                                                           2.7s
 ⠿ Container rs11          Started                                                                                                                                           1.2s
 ⠿ Container rs02          Started                                                                                                                                           1.7s
 ⠿ Container rs22          Started                                                                                                                                           2.4s
 ⠿ Container rs12          Started                                                                                                                                           0.9s
 ⠿ Container mongos        Started                                                                                                                                           2.8s
 ⠿ Container rs10          Started                                                                                                                                           2.4s
<=== initiating ===>
# cfg/cfg0:27019
# cfg0:27019  rs.initiate({
    _id: "cfg",
    configsvr: true,
    members: [
        {_id: 0, host: "cfg0:27019"},
    ],
})
{
	"ok" : 1,
	"$gleStats" : {
		"lastOpTime" : Timestamp(1655281200, 1),
		"electionId" : ObjectId("000000000000000000000000")
	},
	"lastCommittedOpTime" : Timestamp(1655281200, 1)
}
# rs0/rs00:27018,rs01:27018,rs02:27018
# rs00:27018  rs.initiate({
        _id: 'rs0',
        members: [
            {_id: 0, host: 'rs00:27018'},
            {_id: 1, host: 'rs01:27018'},
            {_id: 2, host: 'rs02:27018'},
        ],
    })
{"t":{"$date":"2022-06-15T08:20:01.440Z"},"s":"I",  "c":"NETWORK",  "id":4915701, "ctx":"-","msg":"Initialized wire specification","attr":{"spec":{"incomingExternalClient":{"minWireVersion":0,"maxWireVersion":13},"incomingInternalClient":{"minWireVersion":0,"maxWireVersion":13},"outgoing":{"minWireVersion":0,"maxWireVersion":13},"isInternalClient":false}}}
{ "ok" : 1 }
# rs1/rs10:27018,rs11:27018,rs12:27018
# rs10:27018  rs.initiate({
        _id: 'rs1',
        members: [
            {_id: 0, host: 'rs10:27018'},
            {_id: 1, host: 'rs11:27018'},
            {_id: 2, host: 'rs12:27018'},
        ],
    })
{ "ok" : 1 }
# rs2/rs20:27018,rs21:27018,rs22:27018
# rs20:27018  rs.initiate({
        _id: 'rs2',
        members: [
            {_id: 0, host: 'rs20:27018'},
            {_id: 1, host: 'rs21:27018'},
            {_id: 2, host: 'rs22:27018'},
        ],
    })
{ "ok" : 1 }
<=== adding shards ===>
# rs0/rs00:27018,rs01:27018,rs02:27018
{
  shardAdded: 'rs0',
  ok: 1,
  '$clusterTime': {
    clusterTime: Timestamp({ t: 1655281215, i: 5 }),
    signature: {
      hash: Binary(Buffer.from("0000000000000000000000000000000000000000", "hex"), 0),
      keyId: Long("0")
    }
  },
  operationTime: Timestamp({ t: 1655281215, i: 5 })
}
# rs1/rs10:27018,rs11:27018,rs12:27018
{
  shardAdded: 'rs1',
  ok: 1,
  '$clusterTime': {
    clusterTime: Timestamp({ t: 1655281219, i: 3 }),
    signature: {
      hash: Binary(Buffer.from("0000000000000000000000000000000000000000", "hex"), 0),
      keyId: Long("0")
    }
  },
  operationTime: Timestamp({ t: 1655281219, i: 3 })
}
# rs2/rs20:27018,rs21:27018,rs22:27018
{
  shardAdded: 'rs2',
  ok: 1,
  '$clusterTime': {
    clusterTime: Timestamp({ t: 1655281222, i: 4 }),
    signature: {
      hash: Binary(Buffer.from("0000000000000000000000000000000000000000", "hex"), 0),
      keyId: Long("0")
    }
  },
  operationTime: Timestamp({ t: 1655281222, i: 4 })
}
<=== running PBM agents ===>
[+] Running 10/10
 ⠿ Container pbm-rs01  Started                                                                                                                                               2.6s
 ⠿ Container pbm-rs02  Started                                                                                                                                               2.0s
 ⠿ Container pbm-rs22  Started                                                                                                                                               2.4s
 ⠿ Container pbm-rs20  Started                                                                                                                                               1.7s
 ⠿ Container pbm-rs11  Started                                                                                                                                               2.2s
 ⠿ Container pbm-rs21  Started                                                                                                                                               1.7s
 ⠿ Container pbm-rs10  Started                                                                                                                                               2.6s
 ⠿ Container pbm-cfg0  Started                                                                                                                                               1.8s
 ⠿ Container pbm-rs12  Started                                                                                                                                               2.1s
 ⠿ Container pbm-rs00  Started                                                                                                                                               1.6s
# apply pbm config
pitr:
  enabled: false
  oplogSpanMin: 0
  compression: s2
storage:
  type: filesystem
  filesystem:
    path: /data/pbm
